[WARN ] 2023-05-10 00:59:02.026 [main] WebElementActions - I'm trying to write adiletkushubekov [[ChromeDriver: chrome on WINDOWS (9f1833f731640584a4e9b956a4dd15ef)] -> name: login]
[INFO ] 2023-05-10 00:59:02.372 [main] WebElementActions - Succesfully write
[WARN ] 2023-05-10 00:59:02.404 [main] WebElementActions - I'm trying to write A4techw1943ss [[ChromeDriver: chrome on WINDOWS (9f1833f731640584a4e9b956a4dd15ef)] -> name: password]
[INFO ] 2023-05-10 00:59:02.781 [main] WebElementActions - Succesfully write
[WARN ] 2023-05-10 00:59:19.560 [main] WebElementActions - I'm trying to write Koepp, Hansen and Stanton [[ChromeDriver: chrome on WINDOWS (9f1833f731640584a4e9b956a4dd15ef)] -> xpath: //input[@name='site_name']]
[INFO ] 2023-05-10 00:59:20.011 [main] WebElementActions - Succesfully write
[WARN ] 2023-05-10 00:59:20.374 [main] WebElementActions - I'm trying to write TalentLMS it is an easy-to-use learning management system (LMS), suitable for both experienced and beginner trainers. The system allows you to quickly create courses for corporate online trainings. [[ChromeDriver: chrome on WINDOWS (9f1833f731640584a4e9b956a4dd15ef)] -> xpath: //input[@name='site_description']]
[INFO ] 2023-05-10 00:59:21.447 [main] WebElementActions - Succesfully write
[WARN ] 2023-05-10 00:59:25.582 [main] WebElementActions - I'm trying to write Russian [[ChromeDriver: chrome on WINDOWS (9f1833f731640584a4e9b956a4dd15ef)] -> xpath: (//input[@class='select2-input select2-focused'])[1]]
[INFO ] 2023-05-10 00:59:26.115 [main] WebElementActions - Succesfully write
[WARN ] 2023-05-10 00:59:26.257 [main] WebElementActions - Trying to click the [[ChromeDriver: chrome on WINDOWS (9f1833f731640584a4e9b956a4dd15ef)] -> xpath: //i[@id='tl-show-language-overrides']]
[INFO ] 2023-05-10 00:59:26.488 [main] WebElementActions - Successfully clicked
[WARN ] 2023-05-10 00:59:26.510 [main] WebElementActions - Trying to click the [[ChromeDriver: chrome on WINDOWS (9f1833f731640584a4e9b956a4dd15ef)] -> xpath: //a[@id='add-language-override-button']]
[INFO ] 2023-05-10 00:59:27.237 [main] WebElementActions - Successfully clicked
[WARN ] 2023-05-10 00:59:27.903 [main] WebElementActions - I'm trying to write Nepali [[ChromeDriver: chrome on WINDOWS (9f1833f731640584a4e9b956a4dd15ef)] -> xpath: (//textarea[@name='original'])[1]]
[INFO ] 2023-05-10 00:59:28.115 [main] WebElementActions - Succesfully write
[WARN ] 2023-05-10 00:59:28.155 [main] WebElementActions - I'm trying to write English [[ChromeDriver: chrome on WINDOWS (9f1833f731640584a4e9b956a4dd15ef)] -> xpath: (//textarea[@name='overridden'])[1]]
[INFO ] 2023-05-10 00:59:28.435 [main] WebElementActions - Succesfully write
[WARN ] 2023-05-10 00:59:28.556 [main] WebElementActions - Trying to click the [[ChromeDriver: chrome on WINDOWS (9f1833f731640584a4e9b956a4dd15ef)] -> xpath: (//input[@name='submit_override'])[1]]
[INFO ] 2023-05-10 00:59:28.718 [main] WebElementActions - Successfully clicked
[WARN ] 2023-05-10 00:59:28.741 [main] WebElementActions - Trying to click the [[ChromeDriver: chrome on WINDOWS (9f1833f731640584a4e9b956a4dd15ef)] -> xpath: //a[@id='add-language-override-button']]
[INFO ] 2023-05-10 00:59:29.446 [main] WebElementActions - Successfully clicked
[WARN ] 2023-05-10 00:59:29.555 [main] WebElementActions - Trying to click the [[ChromeDriver: chrome on WINDOWS (9f1833f731640584a4e9b956a4dd15ef)] -> xpath: //div[@id='tl-language-overrides-modal']//a[@class='close']]
[INFO ] 2023-05-10 00:59:29.759 [main] WebElementActions - Successfully clicked
[WARN ] 2023-05-10 00:59:30.325 [main] WebElementActions - I'm trying to write London [[ChromeDriver: chrome on WINDOWS (9f1833f731640584a4e9b956a4dd15ef)] -> xpath: (//input[@class='select2-input select2-focused'])[1]]
[INFO ] 2023-05-10 00:59:30.657 [main] WebElementActions - Succesfully write
[WARN ] 2023-05-10 00:59:32.106 [main] WebElementActions - I'm trying to write Chuck Norris can spawn threads that complete before they are started. [[ChromeDriver: chrome on WINDOWS (9f1833f731640584a4e9b956a4dd15ef)] -> xpath: //textarea[@name='announcement']]
[INFO ] 2023-05-10 00:59:32.805 [main] WebElementActions - Succesfully write
[WARN ] 2023-05-10 00:59:33.403 [main] WebElementActions - I'm trying to write Please, enter your account details [[ChromeDriver: chrome on WINDOWS (9f1833f731640584a4e9b956a4dd15ef)] -> xpath: //textarea[@name='external_announcement']]
[INFO ] 2023-05-10 00:59:33.762 [main] WebElementActions - Succesfully write
[WARN ] 2023-05-10 00:59:34.114 [main] WebElementActions - Trying to click the [[ChromeDriver: chrome on WINDOWS (9f1833f731640584a4e9b956a4dd15ef)] -> xpath: //i[@title='Refresh API key']]
[INFO ] 2023-05-10 00:59:34.275 [main] WebElementActions - Successfully clicked
[WARN ] 2023-05-10 00:59:34.308 [main] WebElementActions - Trying to click the [[ChromeDriver: chrome on WINDOWS (9f1833f731640584a4e9b956a4dd15ef)] -> id: tl-confirm-submit]
[INFO ] 2023-05-10 00:59:35.022 [main] WebElementActions - Successfully clicked
[WARN ] 2023-05-10 00:59:35.131 [main] WebElementActions - I'm trying to write https://demoqa.com [[ChromeDriver: chrome on WINDOWS (9f1833f731640584a4e9b956a4dd15ef)] -> xpath: //input[@id='external_lrs_endpoint']]
[INFO ] 2023-05-10 00:59:35.586 [main] WebElementActions - Succesfully write
[WARN ] 2023-05-10 00:59:35.612 [main] WebElementActions - I'm trying to write abcdef12345 [[ChromeDriver: chrome on WINDOWS (9f1833f731640584a4e9b956a4dd15ef)] -> xpath: //input[@id='external_lrs_key']]
[INFO ] 2023-05-10 00:59:35.955 [main] WebElementActions - Succesfully write
[WARN ] 2023-05-10 00:59:35.991 [main] WebElementActions - I'm trying to write kolbasa [[ChromeDriver: chrome on WINDOWS (9f1833f731640584a4e9b956a4dd15ef)] -> xpath: //input[@id='external_lrs_secret']]
[INFO ] 2023-05-10 00:59:36.289 [main] WebElementActions - Succesfully write
[WARN ] 2023-05-10 00:59:36.357 [main] WebElementActions - I'm trying to write ~mail.ru,~hotmail.com,~bk.ru,~yahoo.com [[ChromeDriver: chrome on WINDOWS (9f1833f731640584a4e9b956a4dd15ef)] -> xpath: //input[@id='registration_email_restriction']]
[INFO ] 2023-05-10 00:59:36.868 [main] WebElementActions - Succesfully write
[WARN ] 2023-05-10 00:59:37.008 [main] WebElementActions - I'm trying to write SuperSecretKey [[ChromeDriver: chrome on WINDOWS (9f1833f731640584a4e9b956a4dd15ef)] -> xpath: //input[@id='intercom_secret_key']]
[INFO ] 2023-05-10 00:59:37.309 [main] WebElementActions - Succesfully write
[WARN ] 2023-05-10 00:59:37.625 [main] WebElementActions - I'm trying to write The system is currently locked [[ChromeDriver: chrome on WINDOWS (9f1833f731640584a4e9b956a4dd15ef)] -> xpath: //textarea[@name='lock_system_message']]
[INFO ] 2023-05-10 00:59:38.123 [main] WebElementActions - Succesfully write
[WARN ] 2023-05-10 00:59:38.470 [main] WebElementActions - I'm trying to write 497 [[ChromeDriver: chrome on WINDOWS (9f1833f731640584a4e9b956a4dd15ef)] -> xpath: //input[@name='conference_max_users']]
[INFO ] 2023-05-10 00:59:38.713 [main] WebElementActions - Succesfully write
[WARN ] 2023-05-10 00:59:38.843 [main] WebElementActions - I'm trying to write nuta1bema [[ChromeDriver: chrome on WINDOWS (9f1833f731640584a4e9b956a4dd15ef)] -> xpath: //input[@name='bamboohr_domain']]
[INFO ] 2023-05-10 00:59:39.119 [main] WebElementActions - Succesfully write
[WARN ] 2023-05-10 00:59:39.605 [main] WebElementActions - I'm trying to write Canada [[ChromeDriver: chrome on WINDOWS (9f1833f731640584a4e9b956a4dd15ef)] -> xpath: //input[@id='tl-custom-field-name']]
[INFO ] 2023-05-10 00:59:40.393 [main] WebElementActions - Succesfully write
[WARN ] 2023-05-10 00:59:41.191 [main] WebElementActions - I'm trying to write Venezuela [[ChromeDriver: chrome on WINDOWS (9f1833f731640584a4e9b956a4dd15ef)] -> xpath: //input[@name='dropdown_values']]
[INFO ] 2023-05-10 00:59:41.367 [main] WebElementActions - Succesfully write
[WARN ] 2023-05-10 00:59:56.081 [main] WebElementActions - I'm trying to write adiletkushubekov [[ChromeDriver: chrome on WINDOWS (9f1833f731640584a4e9b956a4dd15ef)] -> name: login]
[INFO ] 2023-05-10 00:59:56.347 [main] WebElementActions - Succesfully write
[WARN ] 2023-05-10 00:59:56.374 [main] WebElementActions - I'm trying to write A4techw1943ss [[ChromeDriver: chrome on WINDOWS (9f1833f731640584a4e9b956a4dd15ef)] -> name: password]
[INFO ] 2023-05-10 00:59:56.716 [main] WebElementActions - Succesfully write
